kfp@r-hrb6_re0> show configuration | no-more 
## Last commit: 2013-01-11 14:46:22 CST by zhzhy
version 10.0S6;
groups {
    re0 {
        system {
            host-name r-hrb6_re0;
        }
    }
    re1 {
        system {
            host-name r-hrb6_re1;
        }
    }
    INTERFACE-BACKBONE {
        interfaces {
            <*> {
                mtu 9192;
                encapsulation ppp;
                sonet-options {
                    fcs 32;
                    payload-scrambler;
                }
                unit 0 {
                    family inet {
                        mtu 9180;
                    }
                    family inet6 {
                        mtu 9180;
                        filter {
                            input cos-ipv6;
                            output cos-ipv6;
                        }
                    }
                    family mpls {
                        mtu 9180;
                    }
                }
            }
        }
    }
}
apply-groups [ re0 re1 ];
system {
    apply-groups [ re0 re1 ];
    domain-name cernet2.net;
    time-zone Asia/Shanghai;
    root-authentication {
        encrypted-password "$1$GdYs3slJ$PpdGpyOrKTxKTce0PT1c70"; ## SECRET-DATA
    }
    name-server {
        202.38.184.13;
        202.38.184.29;
        2001:250:C006::2;
        2001:251:E101::2;
    }
    login {
        class noc {
            permissions all;
            deny-commands "^configure$";
        }
        class normal {
            idle-timeout 3;
            permissions [ interface network view ];
            allow-commands "show log *";
        }
        class xzhao {
            permissions all;
            deny-commands "configure|restart|request";
        }
        user admin {
            uid 2000;
            class super-user;
            authentication {
                encrypted-password "$1$uOmDGRwv$WEShHg1fG8ZsbJzh21cx11"; ## SECRET-DATA
            }
        }
        user cernet2 {
            uid 2001;
            class normal;
            authentication {
                encrypted-password "$1$rqmG/dJ9$M.UY6Bv3s/lJrhZ85/jz80"; ## SECRET-DATA
            }
        }
        user gaowenjun {
            uid 2002;
            class noc;
            authentication {
                encrypted-password "$1$6PUL1Cy/$bDXk9WTHjYQ459EAhePg9/"; ## SECRET-DATA
            }
        }
        user hrbcore203 {
            uid 2004;
            class super-user;
            authentication {
                encrypted-password "$1$D3pmyvSQ$L96vxNl2ADAYX8t/c65TU/"; ## SECRET-DATA
            }
        }
        user kfp {
            uid 2007;
            class super-user;
            authentication {
                encrypted-password "$1$T7xdY67k$NB/lVRcHycNCmcSEDghyb1"; ## SECRET-DATA
            }
        }
        inactive: user liuyu {
            uid 2008;
            class super-user;
            authentication {
                encrypted-password "$1$CCrtMyAs$jbfxgyQM9UPPPTGuomwan."; ## SECRET-DATA
            }
        }
        user zhzhy {
            uid 2003;
            class super-user;
            authentication {
                encrypted-password "$1$MXCkBxqC$wrenUKcQVOo/tzDp6R.w20"; ## SECRET-DATA
            }
        }
    }
    static-host-mapping {
        r-bj6 inet 202.38.120.192;
    }
    services {
        ssh {
            root-login deny;
        }
        telnet;
    }
    syslog {
        user * {
            any emergency;
        }
        host 219.243.215.123 {
            authorization any;
            daemon warning;
            kernel warning;
            firewall any;
        }
        file messages {
            any notice;
            authorization info;
        }
        time-format year;
        source-address 202.38.120.203;
    }
    commit synchronize;
    ntp {
        server 202.112.10.60;
        server 202.112.0.38;
        server 202.112.0.7;
    }
}
chassis {
    redundancy {
        routing-engine 0 master;
        graceful-switchover;
    }
    alarm {
        management-ethernet {
            link-down ignore;
        }
    }
}
interfaces {
    so-0/0/2 {
        description 2.5G_to_HaErBin-Edge_B;
        clocking internal;
        encapsulation ppp;
        sonet-options {
            fcs 32;
            payload-scrambler;
        }
        unit 0 {
            family inet {
                filter {
                    input snmp-in;
                }
                address 10.2.12.1/30;
            }
            family inet6 {
                filter {
                    input anti-spam;
                }
                address 2001:da8:1:10c::1/64;
            }
        }
    }
    so-0/0/3 {
        description 2.5G_to_HaErBin-Edge_B_2;
        sonet-options {
            fcs 32;
            payload-scrambler;
        }
        unit 0 {
            family inet {
                filter {
                    input snmp-in;
                }
                address 10.1.12.1/30;
            }
            family inet6 {
                filter {
                    input anti-spam;
                }
                address 2001:da8:1:20c::1/64;
            }
        }
    }
    ge-0/1/0 {
        description 1G_to_2960SW;
        vlan-tagging;
        unit 10 {
            description "For NMS-Group SunFire Server";
            vlan-id 10;
            family inet {
                address 219.243.213.217/29;
            }
            family inet6 {
                address 2001:da8:ff:20c::1/64;
            }
        }
        unit 20 {
            description "For Multicast-Routing IBM Server";
            vlan-id 20;
            family inet6 {
                address 2001:da8:ff:10c::1/64;
            }
        }
        unit 30 {
            description "For Multicast L1-Gateway Server";
            vlan-id 30;
            family inet6 {
                address 2001:da8:feed:23::1/64;
            }
        }
    }
    so-0/2/0 {
        apply-groups INTERFACE-BACKBONE;
        description 2.5G_to_ChangChun-Core_J;
        clocking external;
        encapsulation ppp;
        sonet-options {
            fcs 32;
            payload-scrambler;
        }
        unit 0 {
            family inet {
                address 202.38.120.102/30;
            }
            family inet6 {
                address 2001:da8:1:1a::2/64;
            }
        }
    }
    so-0/2/1 {
        description 2.5G_to_HaErBin-Edge_B_3;
        sonet-options {
            fcs 32;
            payload-scrambler;
        }
        unit 0 {
            family inet {
                filter {
                    input snmp-in;
                }
                address 10.3.12.1/30;
            }
            family inet6 {
                filter {
                    input anti-spam;
                }
                address 2001:da8:1:30c::1/64;
            }
        }
    }
    so-0/2/2 {
        description 2.5G_to_HaErBin-Edge_B_4;
        sonet-options {
            fcs 32;
            payload-scrambler;
        }
        unit 0 {
            family inet {
                filter {
                    input snmp-in;
                }
                address 10.4.12.1/30;
            }
            family inet6 {
                filter {
                    input anti-spam;
                }
                address 2001:da8:1:40c::1/64;
            }
        }
    }
    ge-0/3/0 {
        description 10G_to_HaErBin-Edge_NE40e;
        mtu 9192;
        unit 0 {
            family inet {
                filter {
                    input snmp-in;
                }
                address 10.5.12.1/30;
            }
            family inet6 {
                filter {
                    input tag-abnormal;
                }
                address 2001:da8:1:50c::1/64;
            }
        }
    }
    lo0 {
        description HaReBin-Core_HaGongDa_Juniper;
        unit 0 {
            family inet {
                filter {
                    input RE_filter-v4;
                }
                address 202.38.120.203/32;
            }
            family inet6 {
                filter {
                    input RE_filter-v6;
                }
                address 2001:da8:1:ff::12/128;
            }
        }
    }
}
forwarding-options {
    hash-key {
        inactive: family inet6 {
            layer-3 {
                destination-address;
                incoming-interface-index;
                source-address;
            }
            layer-4;
        }
    }
}
snmp {
    community CERNET2 {
        authorization read-only;
    }
    community Test {
        authorization read-only;
    }
    trap-group cernet {
        version v2;
        categories {
            authentication;
            chassis;
            link;
            routing;
            startup;
            sonet-alarms;
        }
        targets {
            202.38.120.251;
            202.38.120.243;
            2001:da8:1:100::110;
            2001:da8:1:100::30;
        }
    }
    trap-group cernet2 {
        targets {
            219.243.208.38;
            219.243.208.39;
            2001:da8:ff:100::43;
            166.111.143.195;
            166.111.143.199;
        }
    }
}
routing-options {
    graceful-restart;
    rib inet6.0 {
        static {
            route 2001:da8:ab::1/128 next-hop 2001:da8:1:20c::2;
        }
    }
    autonomous-system 23910;
    forwarding-table {
        export load-balancing;
    }
}
protocols {
    mld {
        interface all {
            disable;
        }
        interface ge-0/1/0.20 {
            version 2;
        }
        interface ge-0/1/0.30 {
            version 2;
        }
    }
    bgp {
        group ibgpv4-core {
            type internal;
            description to_cernet2_all_v4cores;
            local-address 202.38.120.203;
            neighbor 202.38.120.192 {
                description to_cernet2_r-bj6;
            }
            neighbor 202.38.120.193 {
                description to_cernet2_r-wh6;
            }
            neighbor 202.38.120.194 {
                description to_cernet2_r-bj6;
            }
            neighbor 202.38.120.195 {
                description to_cernet2_r-nj6;
            }
            neighbor 202.38.120.196 {
                description to_cernet2_r-sh6;
            }
            neighbor 202.38.120.197 {
                description to_cernet2_r-zhz6;
            }
            neighbor 202.38.120.198 {
                description to_cernet2_r-tjn6;
            }
            neighbor 202.38.120.199 {
                description to_cernet2_r-jnn6;
            }
            neighbor 202.38.120.200 {
                description to_cernet2_r-sy6;
            }
            neighbor 202.38.120.201 {
                description to_cernet2_r-dln6;
            }
            neighbor 202.38.120.202 {
                description to_cernet2_r-chc6;
            }
            neighbor 202.38.120.204 {
                description to_cernet2_r-pku6;
            }
            neighbor 202.38.120.205 {
                description to_cernet2_r-bupt6;
            }
            neighbor 202.38.120.206 {
                description to_cernet2_r-buaa6;
            }
            neighbor 202.38.120.207 {
                description to_cernet2_r-xa6;
            }
            neighbor 202.38.120.208 {
                description to_cernet2_r-cd6;
            }
            neighbor 202.38.120.209 {
                description to_cernet2_r-chq6;
            }
            neighbor 202.38.120.210 {
                description to_cernet2_r-lzh6;
            }
            neighbor 202.38.120.211 {
                description to_cernet2_r-hef6;
            }
            neighbor 202.38.120.212 {
                description to_cernet2_r-hzh6;
            }
            neighbor 202.38.120.213 {
                description to_cernet2_r-xmn6;
            }
            neighbor 202.38.120.214 {
                description to_cernet2_r-chs6;
            }
            neighbor 202.38.120.215 {
                description to_cernet2_r-fudan6;
            }
            neighbor 202.38.120.216 {
                description to_cernet2_r-tongji6;
            }
        }
        group ibgpv6-core {
            type internal;
            description to_cernet2_all_v6cores;
            local-address 2001:da8:1:ff::12;
            export nhs;
            neighbor 2001:da8:1:ff::1 {
                description to_cernet2_r-bj6;
            }
            neighbor 2001:da8:1:ff::2 {
                description to_cernet2_r-wh6;
            }
            neighbor 2001:da8:1:ff::3 {
                description to_cernet2_r-gz6;
            }
            neighbor 2001:da8:1:ff::4 {
                description to_cernet2_r-nj6;
            }
            neighbor 2001:da8:1:ff::5 {
                description to_cernet2_r-sh6;
            }
            neighbor 2001:da8:1:ff::6 {
                description to_cernet2_r-zhz6;
            }
            neighbor 2001:da8:1:ff::7 {
                description to_cernet2_r-tjn6;
            }
            neighbor 2001:da8:1:ff::8 {
                description to_cernet2_r-jnn6;
            }
            neighbor 2001:da8:1:ff::9 {
                description to_cernet2_r-sy6;
            }
            neighbor 2001:da8:1:ff::10 {
                description to_cernet2_r-dln6;
            }
            neighbor 2001:da8:1:ff::11 {
                description to_cernet2_r-chc6;
            }
            neighbor 2001:da8:1:ff::13 {
                description to_cernet2_r-pku6;
            }
            neighbor 2001:da8:1:ff::14 {
                description to_cernet2_r-bupt6;
            }
            neighbor 2001:da8:1:ff::15 {
                description to_cernet2_r-buaa6;
            }
            neighbor 2001:da8:1:ff::16 {
                description to_cernet2_r-xa6;
            }
            neighbor 2001:da8:1:ff::17 {
                description to_cernet2_r-cd6;
            }
            neighbor 2001:da8:1:ff::18 {
                description to_cernet2_r-chq6;
            }
            neighbor 2001:da8:1:ff::19 {
                description to_cernet2_r-lzh6;
            }
            neighbor 2001:da8:1:ff::20 {
                description to_cernet2_r-hef6;
            }
            neighbor 2001:da8:1:ff::21 {
                description to_cernet2_r-hzh6;
            }
            neighbor 2001:da8:1:ff::22 {
                description to_cernet2_r-xmn6;
            }
            neighbor 2001:da8:1:ff::23 {
                description to_cernet2_r-chs6;
            }
            neighbor 2001:da8:1:ff::24 {
                description to_cernet2_r-fudan6;
            }
            neighbor 2001:da8:1:ff::25 {
                description to_cernet2_r-tongji6;
            }
        }
        group ebgp-v6-edge {
            type external;
            import ebgp-v6-edge-im-policy;
            export ebgp-v6-edge-ex-policy;
            peer-as 24372;
            neighbor 2001:da8:1:50c::2 {
                description to_edge_ne40e;
            }
            neighbor 2001:da8:1:10c::2 {
                description to_BE12K;
            }
        }
        group ibgp-v4-7206 {
            type internal;
            local-address 202.38.120.203;
            family inet {
                unicast;
            }
            neighbor 202.38.120.217 {
                description to_Cisco-7206;
            }
        }
        group ibgp-v6-7206 {
            type internal;
            local-address 2001:da8:1:ff::12;
            family inet6 {
                unicast;
            }
            neighbor 2001:da8:1:ff::26 {
                description to_Cisco-7206;
            }
        }
        group ebgp-v6-immc {
            type external;
            local-address 2001:da8:1:ff::12;
            import import-deny-all;
            family inet6 {
                unicast;
            }
            export ebgp-v6-immc-ex-policy;
            neighbor 2001:da8:ff:301::2 {
                description "To IMMC0, contact: xzhao@cernet.edu.cn";
                multihop;
                passive;
                peer-as 65156;
            }
        }
    }
    ospf {
        export direct-routes;
        reference-bandwidth 10g;
        area 0.0.0.0 {
            interface so-0/2/0.0;
        }
    }
    ospf3 {
        export direct-routes;
        reference-bandwidth 10g;
        area 0.0.0.0 {
            interface so-0/2/0.0;
        }
    }
    pim {
        import pim-v6-only;
        rp {
            bootstrap {
                family inet6 {
                    priority 0;
                }
            }
            embedded-rp;
        }
        interface all {
            mode sparse;
            version 2;
        }
        interface fxp0.0 {
            disable;
        }
        interface fxp0.1 {
            disable;
        }
        interface lo0.0 {
            disable;
        }
    }
}
policy-options {
    policy-statement direct-routes {
        from protocol direct;
        then {
            external {
                type 1;
            }
            accept;
        }
    }
    policy-statement ebgp-v6-edge-ex-policy {
        term CERNET2 {
            from {
                route-filter 2001:da8::/32 prefix-length-range /33-/48;
            }
            then accept;
        }
        term IVI {
            from {
                route-filter 2001:da8:ff3a:c880::/57 prefix-length-range /64-/64;
            }
            then accept;
        }
        term Others {
            from {
                route-filter 2001:250::/32 prefix-length-range /32-/48;
                route-filter 3ffe:3200::/24 prefix-length-range /24-/48;
            }
            then accept;
        }
        term Peers {
            from {
                protocol bgp;
                route-filter 2000::/3 upto /48;
            }
            then accept;
        }
        term Subnet {
            from {
                route-filter ::/0 prefix-length-range /49-/128;
            }
            then reject;
        }
    }
    policy-statement ebgp-v6-edge-im-policy {
        term CERNET2 {
            from {
                route-filter 2001:da8::/32 prefix-length-range /33-/48;
            }
            then accept;
        }
        term Others {
            from {
                route-filter 2001:250::/32 prefix-length-range /32-/48;
                route-filter 3ffe:3200::/24 prefix-length-range /24-/48;
            }
            then accept;
        }
        term Peers {
            from {
                route-filter 2000::/3 upto /35;
            }
            then accept;
        }
        term IVI {
            from {
                route-filter 2001:da8:ff3a:c880::/57 prefix-length-range /64-/64;
            }
            then accept;
        }
        term SSM_Bao {
            from {
                route-filter 2001:da8:feee::/48 prefix-length-range /64-/64;
            }
            then accept;
        }
        term Subnet {
            then reject;
        }
    }
    policy-statement ebgp-v6-immc-ex-policy {
        term internal-routes {
            from {
                route-filter 2001:da8::/32 longer;
                route-filter 2402:f000::/32 longer;
                route-filter 2402:2000::/32 longer;
                route-filter 240c::/28 longer;
                route-filter 2001:256::/32 longer;
                route-filter 2401:ec00::/32 longer;
                route-filter 2403:d400::/32 longer;
            }
            then reject;
        }
        term Others {
            then accept;
        }
    }
    policy-statement import-deny-all {
        then reject;
    }
    policy-statement load-balancing {
        then {
            load-balance per-packet;
        }
    }
    policy-statement nhs {
        then {
            next-hop self;
        }
    }
    policy-statement pim-v6-only {
        term v6-group-address {
            from {
                route-filter ff00::/8 orlonger;
            }
            then accept;
        }
        term others {
            then reject;
        }
    }
}
class-of-service {
    classifiers {
        dscp-ipv6 v6-classifier {
            forwarding-class default-traffic {
                loss-priority high code-points be;
            }
            forwarding-class realtime-traffic {
                loss-priority low code-points ef;
            }
            forwarding-class control-traffic {
                loss-priority low code-points nc1;
            }
        }
        exp mpls-classifier {
            forwarding-class default-traffic {
                loss-priority high code-points be;
            }
            forwarding-class realtime-traffic {
                loss-priority low code-points ef;
            }
        }
    }
    forwarding-classes {
        queue 0 default-traffic;
        queue 1 realtime-traffic;
        queue 2 control-traffic;
    }
    interfaces {
        ge-* {
            scheduler-map v6-mpls-map;
            unit * {
                classifiers {
                    dscp-ipv6 v6-classifier;
                    exp mpls-classifier;
                }
                rewrite-rules {
                    dscp-ipv6 v6-rewrite;
                    exp mpls-rewrite;
                }
            }
        }
        so-* {
            scheduler-map v6-mpls-map;
            unit * {
                classifiers {
                    dscp-ipv6 v6-classifier;
                    exp mpls-classifier;
                }
                rewrite-rules {
                    dscp-ipv6 v6-rewrite;
                    exp mpls-rewrite;
                }
            }
        }
    }
    rewrite-rules {
        dscp-ipv6 v6-rewrite {
            forwarding-class default-traffic {
                loss-priority high code-point be;
            }
            forwarding-class realtime-traffic {
                loss-priority low code-point ef;
            }
            forwarding-class control-traffic {
                loss-priority low code-point nc1;
            }
        }
        exp mpls-rewrite {
            forwarding-class default-traffic {
                loss-priority high code-point be;
            }
            forwarding-class realtime-traffic {
                loss-priority low code-point ef;
            }
        }
    }
    scheduler-maps {
        v6-mpls-map {
            forwarding-class default-traffic scheduler default-scheduler;
            forwarding-class realtime-traffic scheduler realtime-scheduler;
            forwarding-class control-traffic scheduler control-scheduler;
        }
    }
    schedulers {
        default-scheduler {
            transmit-rate remainder;
            buffer-size remainder;
            priority low;
        }
        realtime-scheduler {
            priority strict-high;
        }
        control-scheduler {
            transmit-rate percent 5;
            buffer-size percent 5;
            priority high;
        }
    }
}
firewall {
    family inet6 {
        filter RE_filter-v6 {
            term deny-v6-login {
                from {
                    destination-port [ telnet ssh ];
                }
                then {
                    reject;
                }
            }
            term Other_protocol {
                then accept;
            }
        }
        filter anti-spam {
            term hit {
                from {
                    source-address {
                        2001:da8:b800:228:5054:abff:fe10:8e4c/128;
                    }
                }
                then discard;
            }
            term others {
                then accept;
            }
        }
        filter cos-ipv6 {
            term management {
                from {
                    destination-port [ ssh telnet ];
                }
                then {
                    forwarding-class realtime-traffic;
                    accept;
                }
            }
            term from-noc {
                from {
                    source-address {
                        2001:da8:bd::/48;
                    }
                }
                then {
                    loss-priority low;
                    forwarding-class realtime-traffic;
                    accept;
                }
            }
            term to-noc {
                from {
                    destination-address {
                        2001:da8:bd::/48;
                    }
                }
                then {
                    loss-priority low;
                    forwarding-class realtime-traffic;
                    accept;
                }
            }
            term video-BUPT {
                from {
                    source-address {
                        2001:da8:ff3a:c883:f000::/128;
                        2001:da8:215:4030:110:5980:84a0:186c/128;
                    }
                }
                then {
                    loss-priority low;
                    forwarding-class realtime-traffic;
                    accept;
                }
            }
            term video-SJTU {
                from {
                    source-address {
                        2001:da8:a4:ff::84/128;
                        2001:da8:a4:ff::85/128;
                        2001:da8:8000:6002::194/128;
                    }
                }
                then {
                    loss-priority low;
                    forwarding-class realtime-traffic;
                    accept;
                }
            }
            term video-USTC {
                from {
                    source-address {
                        2001:da8:d800::88/128;
                    }
                }
                then {
                    loss-priority low;
                    forwarding-class realtime-traffic;
                    accept;
                }
            }
            term video-LZU {
                from {
                    source-address {
                        2001:da8:c000::202/128;
                    }
                }
                then {
                    loss-priority low;
                    forwarding-class realtime-traffic;
                    accept;
                }
            }
            term video-CMC {
                from {
                    source-address {
                        2001:da8:6002:4::11/128;
                    }
                }
                then {
                    loss-priority low;
                    forwarding-class realtime-traffic;
                    accept;
                }
            }
            term default {
                then {
                    loss-priority high;
                    accept;
                }
            }
        }
        filter tag-abnormal {
            term abnoraml {
                from {
                    destination-address {
                        1FFF:FFFF:FFFF:FFFF::/64;
                        FBFF:FFFF:FFFF:FFFF::/64;
                        2001:57FF:FFFF:FFFF::/64;
                        2001:9FFF:FFFF:FFFF::/64;
                        2001:FFFF:FFFF:FFFF::/64;
                        23FF:FFFF:FFFF:FFFF::/64;
                        2BFF:FFFF:FFFF:FFFF::/64;
                        3FFF:FFFF:FFFF:FFFF::/64;
                        FDFF:FFFF:FFFF:FFFF::/64;
                        FE7F:FFFF:FFFF:FFFF::/64;
                        FFFF:FFFF:FFFF:FFEF::/64;
                    }
                }
                then log;
            }
            term default {
                then accept;
            }
        }
    }
    filter RE_filter-v4 {
        term CNGI-6IX {
            from {
                source-address {
                    210.25.189.0/24;
                }
                destination-port [ ssh snmp ];
            }
            then accept;
        }
        term CERNET {
            from {
                source-address {
                    202.112.0.0/24;
                    202.112.3.0/24;
                    202.112.49.0/24;
                }
                destination-port [ ssh snmp ];
            }
            then accept;
        }
        term CERNET2 {
            from {
                source-address {
                    202.38.120.0/24;
                    219.243.208.6/32;
                }
                destination-port [ ssh snmp ];
            }
            then accept;
        }
        term NOC {
            from {
                source-address {
                    166.111.125.0/28;
                    219.243.215.64/26;
                    202.179.244.0/24;
                    59.66.66.0/28;
                    166.111.111.0/28;
                }
                destination-port [ ssh snmp ];
            }
            then accept;
        }
        term Dragon-Lab {
            from {
                source-address {
                    203.91.120.128/25;
                }
                destination-port [ ssh snmp ];
            }
            then accept;
        }
        term Staff {
            from {
                source-address {
                    166.111.8.133/32;
                    202.112.6.98/32;
                }
                destination-port [ ssh snmp ];
            }
            then accept;
        }
        term Xing {
            from {
                source-address {
                    202.112.0.56/32;
                    202.112.0.71/32;
                    202.38.97.34/32;
                    202.38.97.66/32;
                    202.112.3.202/32;
                    203.91.120.150/32;
                    202.38.120.246/32;
                    202.112.35.31/32;
                    202.112.35.32/32;
                    219.243.209.221/32;
                }
                destination-port [ telnet ssh snmp ];
            }
            then accept;
        }
        term NMS_Yang {
            from {
                source-address {
                    219.243.213.128/25;
                    219.243.214.0/25;
                    166.111.143.192/26;
                    210.25.130.215/32;
                    210.25.130.219/32;
                    210.25.130.220/31;
                    219.243.215.36/32;
                    219.243.208.32/28;
                }
                destination-port snmp;
            }
            then accept;
        }
        term NMS_TEIN2 {
            from {
                source-address {
                    202.179.242.101/32;
                }
                destination-port snmp;
            }
            then accept;
        }
        term Other_address {
            from {
                destination-port [ ssh snmp telnet ];
            }
            then {
                reject;
            }
        }
        term Other_protocol {
            then accept;
        }
    }
    filter snmp-in {
        term edge {
            from {
                source-address {
                    10.0.0.0/8;
                }
            }
            then accept;
        }
    }
}

{master}
